add3ce1|8f02eaf| (HEAD -> 0.3.0-a.0, origin/0.3.0-a.0)
abbf7be|37c02fe| (origin/materialIconsTool, materialIconsTool)
37c02fe|8119849|
8119849|eb06dca|
8f02eaf|0ab2526| (origin/2023rework)
0ab2526|a805a7d|
a805a7d|28b9ade|
28b9ade|e8cf7d7|
eb06dca|97537ef|
97537ef|e8cf7d7|
e8cf7d7|4d3c39e|
4d3c39e|74dc06c|
74dc06c|0e446be|
0e446be|e3777bf|
e3777bf|37b2d51|
2c4971b|744b90d| (origin/igbotprototype)
744b90d|37b2d51|
37b2d51|ff8a157| (origin/master, origin/HEAD, master)
ff8a157|0e58011|
0e58011|9cc3b18 ee87ee5|
9cc3b18|62ee2f7|
ee87ee5|62ee2f7|
62ee2f7|61b05b3 414f5a4|
414f5a4|f6e0c41 61b05b3|
f6e0c41|5628251|
5628251|828f887|
828f887|10280b5|
10280b5|f5b40b6|
f5b40b6|1b6bffe|
1b6bffe|ff2afee|
ff2afee|aec4064|
aec4064|9fa107d|
9fa107d|20d0bf7|
20d0bf7|c7b770d|
61b05b3|a75b08e| (tag: 0.0.1)
a75b08e|bd4c560|
bd4c560|8d49ac9|
c7b770d|8d49ac9|
8d49ac9|bc1cf1c c5699f7|
bc1cf1c|737b7b5|
c5699f7|737b7b5|
737b7b5|98bea35|
98bea35|e2110e6|
e2110e6|edefe80|
edefe80||
